  adding: clientdesk/ (stored 0%)
  adding: clientdesk/stream.php (deflated 76%)
  adding: clientdesk/clientdesk.php (deflated 80%)
  adding: clientdesk/sitewide.php (deflated 72%)
  adding: clientdesk/vendor/ (stored 0%)
  adding: clientdesk/vendor/plugin-update-checker/ (stored 0%)
  adding: clientdesk/vendor/plugin-update-checker/js/ (stored 0%)
  adding: clientdesk/vendor/plugin-update-checker/js/debug-bar.js (deflated 56%)
  adding: clientdesk/vendor/plugin-update-checker/css/ (stored 0%)
  adding: clientdesk/vendor/plugin-update-checker/css/puc-debug-bar.css (deflated 57%)
  adding: clientdesk/vendor/plugin-update-checker/Puc/ (stored 0%)
  adding: clientdesk/vendor/plugin-update-checker/Puc/v5p7/ (stored 0%)
  adding: clientdesk/vendor/plugin-update-checker/Puc/v5p7/Metadata.php (deflated 63%)
  adding: clientdesk/vendor/plugin-update-checker/Puc/v5p7/Theme/ (stored 0%)
  adding: clientdesk/vendor/plugin-update-checker/Puc/v5p7/Theme/UpdateChecker.php (deflated 69%)
  adding: clientdesk/vendor/plugin-update-checker/Puc/v5p7/Theme/Update.php (deflated 59%)
  adding: clientdesk/vendor/plugin-update-checker/Puc/v5p7/Theme/Package.php (deflated 62%)
  adding: clientdesk/vendor/plugin-update-checker/Puc/v5p7/UpgraderStatus.php (deflated 70%)
  adding: clientdesk/vendor/plugin-update-checker/Puc/v5p7/Plugin/ (stored 0%)
  adding: clientdesk/vendor/plugin-update-checker/Puc/v5p7/Plugin/UpdateChecker.php (deflated 70%)
  adding: clientdesk/vendor/plugin-update-checker/Puc/v5p7/Plugin/Ui.php (deflated 71%)
  adding: clientdesk/vendor/plugin-update-checker/Puc/v5p7/Plugin/Update.php (deflated 61%)
  adding: clientdesk/vendor/plugin-update-checker/Puc/v5p7/Plugin/PluginInfo.php (deflated 60%)
  adding: clientdesk/vendor/plugin-update-checker/Puc/v5p7/Plugin/Package.php (deflated 68%)
  adding: clientdesk/vendor/plugin-update-checker/Puc/v5p7/Autoloader.php (deflated 61%)
  adding: clientdesk/vendor/plugin-update-checker/Puc/v5p7/OAuthSignature.php (deflated 56%)
  adding: clientdesk/vendor/plugin-update-checker/Puc/v5p7/UpdateChecker.php (deflated 72%)
  adding: clientdesk/vendor/plugin-update-checker/Puc/v5p7/InstalledPackage.php (deflated 59%)
  adding: clientdesk/vendor/plugin-update-checker/Puc/v5p7/PucFactory.php (deflated 68%)
  adding: clientdesk/vendor/plugin-update-checker/Puc/v5p7/WpCliCheckTrigger.php (deflated 56%)
  adding: clientdesk/vendor/plugin-update-checker/Puc/v5p7/Scheduler.php (deflated 67%)
  adding: clientdesk/vendor/plugin-update-checker/Puc/v5p7/StateStore.php (deflated 71%)
  adding: clientdesk/vendor/plugin-update-checker/Puc/v5p7/Update.php (deflated 46%)
  adding: clientdesk/vendor/plugin-update-checker/Puc/v5p7/Vcs/ (stored 0%)
  adding: clientdesk/vendor/plugin-update-checker/Puc/v5p7/Vcs/ReleaseFilteringFeature.php (deflated 67%)
  adding: clientdesk/vendor/plugin-update-checker/Puc/v5p7/Vcs/Api.php (deflated 70%)
  adding: clientdesk/vendor/plugin-update-checker/Puc/v5p7/Vcs/ReleaseAssetSupport.php (deflated 63%)
  adding: clientdesk/vendor/plugin-update-checker/Puc/v5p7/Vcs/GitLabApi.php (deflated 69%)
  adding: clientdesk/vendor/plugin-update-checker/Puc/v5p7/Vcs/ThemeUpdateChecker.php (deflated 58%)
  adding: clientdesk/vendor/plugin-update-checker/Puc/v5p7/Vcs/PluginUpdateChecker.php (deflated 69%)
  adding: clientdesk/vendor/plugin-update-checker/Puc/v5p7/Vcs/VcsCheckerMethods.php (deflated 58%)
  adding: clientdesk/vendor/plugin-update-checker/Puc/v5p7/Vcs/Reference.php (deflated 58%)
  adding: clientdesk/vendor/plugin-update-checker/Puc/v5p7/Vcs/BaseChecker.php (deflated 48%)
  adding: clientdesk/vendor/plugin-update-checker/Puc/v5p7/Vcs/GitHubApi.php (deflated 69%)
  adding: clientdesk/vendor/plugin-update-checker/Puc/v5p7/Vcs/BitBucketApi.php (deflated 67%)
  adding: clientdesk/vendor/plugin-update-checker/Puc/v5p7/Utils.php (deflated 60%)
  adding: clientdesk/vendor/plugin-update-checker/Puc/v5p7/DebugBar/ (stored 0%)
  adding: clientdesk/vendor/plugin-update-checker/Puc/v5p7/DebugBar/ThemePanel.php (deflated 46%)
  adding: clientdesk/vendor/plugin-update-checker/Puc/v5p7/DebugBar/Extension.php (deflated 65%)
  adding: clientdesk/vendor/plugin-update-checker/Puc/v5p7/DebugBar/PluginPanel.php (deflated 56%)
  adding: clientdesk/vendor/plugin-update-checker/Puc/v5p7/DebugBar/PluginExtension.php (deflated 51%)
  adding: clientdesk/vendor/plugin-update-checker/Puc/v5p7/DebugBar/Panel.php (deflated 66%)
  adding: clientdesk/vendor/plugin-update-checker/Puc/v5/ (stored 0%)
  adding: clientdesk/vendor/plugin-update-checker/Puc/v5/PucFactory.php (deflated 30%)
  adding: clientdesk/vendor/plugin-update-checker/languages/ (stored 0%)
  adding: clientdesk/vendor/plugin-update-checker/languages/plugin-update-checker-es_DO.po (deflated 55%)
  adding: clientdesk/vendor/plugin-update-checker/languages/plugin-update-checker-es_CO.po (deflated 55%)
  adding: clientdesk/vendor/plugin-update-checker/languages/plugin-update-checker-es_VE.mo (deflated 42%)
  adding: clientdesk/vendor/plugin-update-checker/languages/plugin-update-checker-it_IT.mo (deflated 42%)
  adding: clientdesk/vendor/plugin-update-checker/languages/plugin-update-checker-es_ES.mo (deflated 42%)
  adding: clientdesk/vendor/plugin-update-checker/languages/plugin-update-checker-nl_NL.mo (deflated 43%)
  adding: clientdesk/vendor/plugin-update-checker/languages/plugin-update-checker-fa_IR.mo (deflated 32%)
  adding: clientdesk/vendor/plugin-update-checker/languages/plugin-update-checker-es_CR.po (deflated 55%)
  adding: clientdesk/vendor/plugin-update-checker/languages/plugin-update-checker-sl_SI.po (deflated 55%)
  adding: clientdesk/vendor/plugin-update-checker/languages/plugin-update-checker-sv_SE.po (deflated 52%)
  adding: clientdesk/vendor/plugin-update-checker/languages/plugin-update-checker-ca.mo (deflated 42%)
  adding: clientdesk/vendor/plugin-update-checker/languages/plugin-update-checker-fr_FR.po (deflated 51%)
  adding: clientdesk/vendor/plugin-update-checker/languages/plugin-update-checker-zh_TW.mo (deflated 41%)
  adding: clientdesk/vendor/plugin-update-checker/languages/plugin-update-checker-es_AR.mo (deflated 42%)
  adding: clientdesk/vendor/plugin-update-checker/languages/plugin-update-checker.pot (deflated 55%)
  adding: clientdesk/vendor/plugin-update-checker/languages/plugin-update-checker-es_CO.mo (deflated 42%)
  adding: clientdesk/vendor/plugin-update-checker/languages/plugin-update-checker-es_GT.po (deflated 55%)
  adding: clientdesk/vendor/plugin-update-checker/languages/plugin-update-checker-sv_SE.mo (deflated 39%)
  adding: clientdesk/vendor/plugin-update-checker/languages/plugin-update-checker-es_PE.po (deflated 55%)
  adding: clientdesk/vendor/plugin-update-checker/languages/plugin-update-checker-zh_CN.mo (deflated 36%)
  adding: clientdesk/vendor/plugin-update-checker/languages/plugin-update-checker-es_GT.mo (deflated 42%)
  adding: clientdesk/vendor/plugin-update-checker/languages/plugin-update-checker-zh_CN.po (deflated 52%)
  adding: clientdesk/vendor/plugin-update-checker/languages/plugin-update-checker-ja.mo (deflated 37%)
  adding: clientdesk/vendor/plugin-update-checker/languages/plugin-update-checker-es_PE.mo (deflated 42%)
  adding: clientdesk/vendor/plugin-update-checker/languages/plugin-update-checker-pt_BR.po (deflated 59%)
  adding: clientdesk/vendor/plugin-update-checker/languages/plugin-update-checker-hu_HU.mo (deflated 37%)
  adding: clientdesk/vendor/plugin-update-checker/languages/plugin-update-checker-el.mo (deflated 41%)
  adding: clientdesk/vendor/plugin-update-checker/languages/plugin-update-checker-es_CR.mo (deflated 42%)
  adding: clientdesk/vendor/plugin-update-checker/languages/plugin-update-checker-tr_TR.po (deflated 53%)
  adding: clientdesk/vendor/plugin-update-checker/languages/plugin-update-checker-de_DE.po (deflated 50%)
  adding: clientdesk/vendor/plugin-update-checker/languages/plugin-update-checker-it_IT.po (deflated 54%)
  adding: clientdesk/vendor/plugin-update-checker/languages/plugin-update-checker-nl_NL.po (deflated 57%)
  adding: clientdesk/vendor/plugin-update-checker/languages/plugin-update-checker-es_CL.mo (deflated 42%)
  adding: clientdesk/vendor/plugin-update-checker/languages/plugin-update-checker-es_UY.po (deflated 55%)
  adding: clientdesk/vendor/plugin-update-checker/languages/plugin-update-checker-sr_RS.po (deflated 52%)
  adding: clientdesk/vendor/plugin-update-checker/languages/plugin-update-checker-es_HN.po (deflated 55%)
  adding: clientdesk/vendor/plugin-update-checker/languages/plugin-update-checker-da_DK.mo (deflated 40%)
  adding: clientdesk/vendor/plugin-update-checker/languages/plugin-update-checker-es_PR.mo (deflated 42%)
  adding: clientdesk/vendor/plugin-update-checker/languages/plugin-update-checker-es_VE.po (deflated 55%)
  adding: clientdesk/vendor/plugin-update-checker/languages/plugin-update-checker-sr_RS.mo (deflated 39%)
  adding: clientdesk/vendor/plugin-update-checker/languages/plugin-update-checker-pt_BR.mo (deflated 40%)
  adding: clientdesk/vendor/plugin-update-checker/languages/plugin-update-checker-uk_UA.mo (deflated 39%)
  adding: clientdesk/vendor/plugin-update-checker/languages/plugin-update-checker-es_MX.mo (deflated 42%)
  adding: clientdesk/vendor/plugin-update-checker/languages/plugin-update-checker-ru_RU.mo (deflated 40%)
  adding: clientdesk/vendor/plugin-update-checker/languages/plugin-update-checker-uk_UA.po (deflated 51%)
  adding: clientdesk/vendor/plugin-update-checker/languages/plugin-update-checker-nl_BE.mo (deflated 43%)
  adding: clientdesk/vendor/plugin-update-checker/languages/plugin-update-checker-de_DE.mo (deflated 39%)
  adding: clientdesk/vendor/plugin-update-checker/languages/plugin-update-checker-sl_SI.mo (deflated 41%)
  adding: clientdesk/vendor/plugin-update-checker/languages/plugin-update-checker-fr_CA.mo (deflated 41%)
  adding: clientdesk/vendor/plugin-update-checker/languages/plugin-update-checker-es_PR.po (deflated 55%)
  adding: clientdesk/vendor/plugin-update-checker/languages/plugin-update-checker-es_HN.mo (deflated 42%)
  adding: clientdesk/vendor/plugin-update-checker/languages/plugin-update-checker-es_ES.po (deflated 55%)
  adding: clientdesk/vendor/plugin-update-checker/languages/plugin-update-checker-hu_HU.po (deflated 48%)
  adding: clientdesk/vendor/plugin-update-checker/languages/plugin-update-checker-ja.po (deflated 49%)
  adding: clientdesk/vendor/plugin-update-checker/languages/plugin-update-checker-tr_TR.mo (deflated 38%)
  adding: clientdesk/vendor/plugin-update-checker/languages/plugin-update-checker-da_DK.po (deflated 53%)
  adding: clientdesk/vendor/plugin-update-checker/languages/plugin-update-checker-es_UY.mo (deflated 42%)
  adding: clientdesk/vendor/plugin-update-checker/languages/plugin-update-checker-fr_FR.mo (deflated 39%)
  adding: clientdesk/vendor/plugin-update-checker/languages/plugin-update-checker-fr_CA.po (deflated 55%)
  adding: clientdesk/vendor/plugin-update-checker/languages/plugin-update-checker-cs_CZ.mo (deflated 37%)
  adding: clientdesk/vendor/plugin-update-checker/languages/plugin-update-checker-es_MX.po (deflated 55%)
  adding: clientdesk/vendor/plugin-update-checker/languages/plugin-update-checker-zh_TW.po (deflated 51%)
  adding: clientdesk/vendor/plugin-update-checker/languages/plugin-update-checker-nl_BE.po (deflated 57%)
  adding: clientdesk/vendor/plugin-update-checker/languages/plugin-update-checker-es_CL.po (deflated 55%)
  adding: clientdesk/vendor/plugin-update-checker/languages/plugin-update-checker-el.po (deflated 51%)
  adding: clientdesk/vendor/plugin-update-checker/languages/plugin-update-checker-ru_RU.po (deflated 51%)
  adding: clientdesk/vendor/plugin-update-checker/languages/plugin-update-checker-cs_CZ.po (deflated 52%)
  adding: clientdesk/vendor/plugin-update-checker/languages/plugin-update-checker-es_AR.po (deflated 55%)
  adding: clientdesk/vendor/plugin-update-checker/languages/plugin-update-checker-ca.po (deflated 55%)
  adding: clientdesk/vendor/plugin-update-checker/languages/plugin-update-checker-es_DO.mo (deflated 42%)
  adding: clientdesk/vendor/plugin-update-checker/languages/plugin-update-checker-fa_IR.po (deflated 46%)
  adding: clientdesk/vendor/plugin-update-checker/load-v5p5.php (deflated 47%)
  adding: clientdesk/vendor/plugin-update-checker/load-v5p7.php (deflated 61%)
  adding: clientdesk/vendor/plugin-update-checker/vendor/ (stored 0%)
  adding: clientdesk/vendor/plugin-update-checker/vendor/ParsedownModern.php (deflated 83%)
  adding: clientdesk/vendor/plugin-update-checker/vendor/Parsedown.php (deflated 6%)
  adding: clientdesk/vendor/plugin-update-checker/vendor/PucReadmeParser.php (deflated 68%)
  adding: clientdesk/assets/ (stored 0%)
  adding: clientdesk/assets/clientdesk.css (deflated 82%)
  adding: clientdesk/assets/meta-box.css (deflated 67%)
  adding: clientdesk/assets/meta-box.js (deflated 67%)
